[debug] [2022-02-14T14:38:17.218Z] ----------------------------------------------------------------------
[debug] [2022-02-14T14:38:17.221Z] Command:       C:\Program Files\nodejs\node.exe C:\Users\Wisoladepo\AppData\Roaming\npm\node_modules\firebase-tools\lib\bin\firebase.js init functions
[debug] [2022-02-14T14:38:17.221Z] CLI Version:   10.2.0
[debug] [2022-02-14T14:38:17.222Z] Platform:      win32
[debug] [2022-02-14T14:38:17.222Z] Node Version:  v14.18.0
[debug] [2022-02-14T14:38:17.223Z] Time:          Mon Feb 14 2022 15:38:17 GMT+0100 (West Africa Standard Time)
[debug] [2022-02-14T14:38:17.223Z] ----------------------------------------------------------------------
[debug] 
[debug] [2022-02-14T14:38:17.233Z] > command requires scopes: ["email","openid","https://www.googleapis.com/auth/cloudplatformprojects.readonly","https://www.googleapis.com/auth/firebase","https://www.googleapis.com/auth/cloud-platform"]
[debug] [2022-02-14T14:38:17.234Z] > authorizing via signed-in user (bellooladepo@gmail.com)
[info] 
     ######## #### ########  ######## ########     ###     ######  ########
     ##        ##  ##     ## ##       ##     ##  ##   ##  ##       ##
     ######    ##  ########  ######   ########  #########  ######  ######
     ##        ##  ##    ##  ##       ##     ## ##     ##       ## ##
     ##       #### ##     ## ######## ########  ##     ##  ######  ########

You're about to initialize a Firebase project in this directory:

  C:\Users\Wisoladepo\Desktop\React-Native\foodei\foodie

[info] 
=== Project Setup
[info] 
[info] First, let's associate this project directory with a Firebase project.
[info] You can create multiple project aliases by running firebase use --add, 
[info] but for now we'll just set up a default project.
[info] 
[debug] [2022-02-14T14:39:46.974Z] > refreshing access token with scopes: []
[debug] [2022-02-14T14:39:46.975Z] >>> HTTP REQUEST POST https://www.googleapis.com/oauth2/v3/token  
 <request body omitted>
[debug] [2022-02-14T14:39:47.438Z] <<< HTTP RESPONSE 400 {"cache-control":"no-cache, no-store, max-age=0, must-revalidate","date":"Mon, 14 Feb 2022 14:38:58 GMT","expires":"Mon, 01 Jan 1990 00:00:00 GMT","pragma":"no-cache","content-type":"application/json; charset=utf-8","vary":"X-Origin, Referer, Origin,Accept-Encoding","server":"scaffolding on HTTPServer2","x-xss-protection":"0","x-frame-options":"SAMEORIGIN","x-content-type-options":"nosniff","alt-svc":"h3=\":443\"; ma=2592000,h3-29=\":443\"; ma=2592000,h3-Q050=\":443\"; ma=2592000,h3-Q046=\":443\"; ma=2592000,h3-Q043=\":443\"; ma=2592000,quic=\":443\"; ma=2592000; v=\"46,43\"","accept-ranges":"none","transfer-encoding":"chunked"}
[debug] [2022-02-14T14:39:47.454Z] >>> [apiv2][query] GET https://firebase.googleapis.com/v1beta1/availableProjects pageSize=100
[debug] [2022-02-14T14:39:47.904Z] <<< [apiv2][status] GET https://firebase.googleapis.com/v1beta1/availableProjects 401
[debug] [2022-02-14T14:39:47.904Z] <<< [apiv2][body] GET https://firebase.googleapis.com/v1beta1/availableProjects [omitted]
[debug] [2022-02-14T14:39:47.906Z] HTTP Error: 401, Request had invalid authentication credentials. Expected OAuth 2 access token, login cookie or other valid authentication credential. See https://developers.google.com/identity/sign-in/web/devconsole-project.
[debug] [2022-02-14T14:39:48.332Z] FirebaseError: HTTP Error: 401, Request had invalid authentication credentials. Expected OAuth 2 access token, login cookie or other valid authentication credential. See https://developers.google.com/identity/sign-in/web/devconsole-project.
    at module.exports (C:\Users\Wisoladepo\AppData\Roaming\npm\node_modules\firebase-tools\lib\responseToError.js:38:12)
    at RetryOperation._fn (C:\Users\Wisoladepo\AppData\Roaming\npm\node_modules\firebase-tools\lib\apiv2.js:283:39)
    at processTicksAndRejections (internal/process/task_queues.js:95:5)
[error] 
[error] Error: Failed to list available Google Cloud Platform projects. See firebase-debug.log for more info.
[debug] [2022-02-14T14:39:55.226Z] ----------------------------------------------------------------------
[debug] [2022-02-14T14:39:55.229Z] Command:       C:\Program Files\nodejs\node.exe C:\Users\Wisoladepo\AppData\Roaming\npm\node_modules\firebase-tools\lib\bin\firebase.js init functions
[debug] [2022-02-14T14:39:55.230Z] CLI Version:   10.2.0
[debug] [2022-02-14T14:39:55.230Z] Platform:      win32
[debug] [2022-02-14T14:39:55.230Z] Node Version:  v14.18.0
[debug] [2022-02-14T14:39:55.231Z] Time:          Mon Feb 14 2022 15:39:55 GMT+0100 (West Africa Standard Time)
[debug] [2022-02-14T14:39:55.232Z] ----------------------------------------------------------------------
[debug] 
[debug] [2022-02-14T14:39:55.243Z] > command requires scopes: ["email","openid","https://www.googleapis.com/auth/cloudplatformprojects.readonly","https://www.googleapis.com/auth/firebase","https://www.googleapis.com/auth/cloud-platform"]
[debug] [2022-02-14T14:39:55.243Z] > authorizing via signed-in user (bellooladepo@gmail.com)
[info] 
     ######## #### ########  ######## ########     ###     ######  ########
     ##        ##  ##     ## ##       ##     ##  ##   ##  ##       ##
     ######    ##  ########  ######   ########  #########  ######  ######
     ##        ##  ##    ##  ##       ##     ## ##     ##       ## ##
     ##       #### ##     ## ######## ########  ##     ##  ######  ########

You're about to initialize a Firebase project in this directory:

  C:\Users\Wisoladepo\Desktop\React-Native\foodei\foodie

[info] 
=== Project Setup
[info] 
[info] First, let's associate this project directory with a Firebase project.
[info] You can create multiple project aliases by running firebase use --add, 
[info] but for now we'll just set up a default project.
[info] 
[info] i  If you want to create a project in a Google Cloud organization or folder, please use "firebase projects:create" instead, and return to this command when you've created the project. 
